0 verbose cli /usr/local/bin/node /usr/local/bin/npm
1 info using npm@9.7.1
2 info using node@v18.16.0
3 timing npm:load:whichnode Completed in 11ms
4 timing config:load:defaults Completed in 3ms
5 timing config:load:file:/usr/local/lib/node_modules/npm/npmrc Completed in 1ms
6 timing config:load:builtin Completed in 1ms
7 timing config:load:cli Completed in 3ms
8 timing config:load:env Completed in 0ms
9 timing config:load:project Completed in 11ms
10 timing config:load:file:/home/container/.npmrc Completed in 0ms
11 timing config:load:user Completed in 0ms
12 timing config:load:file:/usr/local/etc/npmrc Completed in 1ms
13 timing config:load:global Completed in 1ms
14 timing config:load:setEnvs Completed in 1ms
15 timing config:load Completed in 22ms
16 timing npm:load:configload Completed in 22ms
17 timing config:load:flatten Completed in 21ms
18 timing npm:load:mkdirpcache Completed in 1ms
19 timing npm:load:mkdirplogs Completed in 0ms
20 verbose title npm install
21 verbose argv "install"
22 timing npm:load:setTitle Completed in 1ms
23 timing npm:load:display Completed in 1ms
24 verbose logfile logs-max:10 dir:/home/container/.npm/_logs/2023-06-15T06_39_55_449Z-
25 verbose logfile /home/container/.npm/_logs/2023-06-15T06_39_55_449Z-debug-0.log
26 timing npm:load:logFile Completed in 34ms
27 timing npm:load:timers Completed in 0ms
28 timing npm:load:configScope Completed in 0ms
29 timing npm:load Completed in 140ms
30 timing arborist:ctor Completed in 2ms
31 silly logfile done cleaning log files
32 timing idealTree:init Completed in 1343ms
33 timing idealTree:userRequests Completed in 1ms
34 silly idealTree buildDeps
35 timing idealTree:#root Completed in 1ms
36 timing idealTree:buildDeps Completed in 4ms
37 timing idealTree:fixDepFlags Completed in 1ms
38 timing idealTree Completed in 1363ms
39 timing arborist:ctor Completed in 0ms
40 timing reify:loadTrees Completed in 1796ms
41 timing reify:diffTrees Completed in 19ms
42 silly reify moves {}
43 timing reify:retireShallow Completed in 2ms
44 timing reify:createSparse Completed in 4ms
45 timing reify:loadBundles Completed in 0ms
46 silly audit bulk request {
46 silly audit   '@adiwajshing/keyed-db': [ '0.2.4' ],
46 silly audit   '@aws-crypto/crc32': [ '3.0.0' ],
46 silly audit   tslib: [ '1.14.1', '2.5.3' ],
46 silly audit   '@aws-crypto/ie11-detection': [ '3.0.0' ],
46 silly audit   '@aws-crypto/sha256-browser': [ '3.0.0' ],
46 silly audit   '@aws-crypto/sha256-js': [ '3.0.0' ],
46 silly audit   '@aws-crypto/supports-web-crypto': [ '3.0.0' ],
46 silly audit   '@aws-crypto/util': [ '3.0.0' ],
46 silly audit   '@aws-sdk/abort-controller': [ '3.347.0' ],
46 silly audit   '@aws-sdk/client-cognito-identity': [ '3.348.0' ],
46 silly audit   '@aws-sdk/client-sso': [ '3.348.0' ],
46 silly audit   '@aws-sdk/client-sso-oidc': [ '3.348.0' ],
46 silly audit   '@aws-sdk/client-sts': [ '3.348.0' ],
46 silly audit   '@aws-sdk/config-resolver': [ '3.347.0' ],
46 silly audit   '@aws-sdk/credential-provider-cognito-identity': [ '3.348.0' ],
46 silly audit   '@aws-sdk/credential-provider-env': [ '3.347.0' ],
46 silly audit   '@aws-sdk/credential-provider-imds': [ '3.347.0' ],
46 silly audit   '@aws-sdk/credential-provider-ini': [ '3.348.0' ],
46 silly audit   '@aws-sdk/credential-provider-node': [ '3.348.0' ],
46 silly audit   '@aws-sdk/credential-provider-process': [ '3.347.0' ],
46 silly audit   '@aws-sdk/credential-provider-sso': [ '3.348.0' ],
46 silly audit   '@aws-sdk/credential-provider-web-identity': [ '3.347.0' ],
46 silly audit   '@aws-sdk/credential-providers': [ '3.348.0' ],
46 silly audit   '@aws-sdk/eventstream-codec': [ '3.347.0' ],
46 silly audit   '@aws-sdk/fetch-http-handler': [ '3.347.0' ],
46 silly audit   '@aws-sdk/hash-node': [ '3.347.0' ],
46 silly audit   '@aws-sdk/invalid-dependency': [ '3.347.0' ],
46 silly audit   '@aws-sdk/is-array-buffer': [ '3.310.0' ],
46 silly audit   '@aws-sdk/middleware-content-length': [ '3.347.0' ],
46 silly audit   '@aws-sdk/middleware-endpoint': [ '3.347.0' ],
46 silly audit   '@aws-sdk/middleware-host-header': [ '3.347.0' ],
46 silly audit   '@aws-sdk/middleware-logger': [ '3.347.0' ],
46 silly audit   '@aws-sdk/middleware-recursion-detection': [ '3.347.0' ],
46 silly audit   '@aws-sdk/middleware-retry': [ '3.347.0' ],
46 silly audit   uuid: [ '8.3.2', '3.4.0', '9.0.0' ],
46 silly audit   '@aws-sdk/middleware-sdk-sts': [ '3.347.0' ],
46 silly audit   '@aws-sdk/middleware-serde': [ '3.347.0' ],
46 silly audit   '@aws-sdk/middleware-signing': [ '3.347.0' ],
46 silly audit   '@aws-sdk/middleware-stack': [ '3.347.0' ],
46 silly audit   '@aws-sdk/middleware-user-agent': [ '3.347.0' ],
46 silly audit   '@aws-sdk/node-config-provider': [ '3.347.0' ],
46 silly audit   '@aws-sdk/node-http-handler': [ '3.348.0' ],
46 silly audit   '@aws-sdk/property-provider': [ '3.347.0' ],
46 silly audit   '@aws-sdk/protocol-http': [ '3.347.0' ],
46 silly audit   '@aws-sdk/querystring-builder': [ '3.347.0' ],
46 silly audit   '@aws-sdk/querystring-parser': [ '3.347.0' ],
46 silly audit   '@aws-sdk/service-error-classification': [ '3.347.0' ],
46 silly audit   '@aws-sdk/shared-ini-file-loader': [ '3.347.0' ],
46 silly audit   '@aws-sdk/signature-v4': [ '3.347.0' ],
46 silly audit   '@aws-sdk/smithy-client': [ '3.347.0' ],
46 silly audit   '@aws-sdk/token-providers': [ '3.348.0' ],
46 silly audit   '@aws-sdk/types': [ '3.347.0' ],
46 silly audit   '@aws-sdk/url-parser': [ '3.347.0' ],
46 silly audit   '@aws-sdk/util-base64': [ '3.310.0' ],
46 silly audit   '@aws-sdk/util-body-length-browser': [ '3.310.0' ],
46 silly audit   '@aws-sdk/util-body-length-node': [ '3.310.0' ],
46 silly audit   '@aws-sdk/util-buffer-from': [ '3.310.0' ],
46 silly audit   '@aws-sdk/util-config-provider': [ '3.310.0' ],
46 silly audit   '@aws-sdk/util-defaults-mode-browser': [ '3.347.0' ],
46 silly audit   '@aws-sdk/util-defaults-mode-node': [ '3.347.0' ],
46 silly audit   '@aws-sdk/util-endpoints': [ '3.347.0' ],
46 silly audit   '@aws-sdk/util-hex-encoding': [ '3.310.0' ],
46 silly audit   '@aws-sdk/util-locate-window': [ '3.310.0' ],
46 silly audit   '@aws-sdk/util-middleware': [ '3.347.0' ],
46 silly audit   '@aws-sdk/util-retry': [ '3.347.0' ],
46 silly audit   '@aws-sdk/util-uri-escape': [ '3.310.0' ],
46 silly audit   '@aws-sdk/util-user-agent-browser': [ '3.347.0' ],
46 silly audit   '@aws-sdk/util-user-agent-node': [ '3.347.0' ],
46 silly audit   '@aws-sdk/util-utf8': [ '3.310.0' ],
46 silly audit   '@aws-sdk/util-utf8-browser': [ '3.259.0' ],
46 silly audit   '@babel/runtime': [ '7.22.3' ],
46 silly audit   '@ffmpeg-installer/darwin-arm64': [ '4.1.5' ],
46 silly audit   '@ffmpeg-installer/darwin-x64': [ '4.1.0' ],
46 silly audit   '@ffmpeg-installer/ffmpeg': [ '1.1.0' ],
46 silly audit   '@ffmpeg-installer/linux-arm': [ '4.1.3' ],
46 silly audit   '@ffmpeg-installer/linux-arm64': [ '4.1.4' ],
46 silly audit   '@ffmpeg-installer/linux-ia32': [ '4.1.0' ],
46 silly audit   '@ffmpeg-installer/linux-x64': [ '4.1.0' ],
46 silly audit   '@ffmpeg-installer/win32-ia32': [ '4.1.0' ],
46 silly audit   '@ffmpeg-installer/win32-x64': [ '4.1.0' ],
46 silly audit   '@hapi/boom': [ '9.1.4' ],
46 silly audit   '@hapi/hoek': [ '9.3.0' ],
46 silly audit   '@jimp/bmp': [ '0.16.13' ],
46 silly audit   '@jimp/core': [ '0.16.13' ],
46 silly audit   '@jimp/custom': [ '0.16.13' ],
46 silly audit   '@jimp/gif': [ '0.16.13' ],
46 silly audit   '@jimp/jpeg': [ '0.16.13' ],
46 silly audit   '@jimp/plugin-blit': [ '0.16.13' ],
46 silly audit   '@jimp/plugin-blur': [ '0.16.13' ],
46 silly audit   '@jimp/plugin-circle': [ '0.16.13' ],
46 silly audit   '@jimp/plugin-color': [ '0.16.13' ],
46 silly audit   '@jimp/plugin-contain': [ '0.16.13' ],
46 silly audit   '@jimp/plugin-cover': [ '0.16.13' ],
46 silly audit   '@jimp/plugin-crop': [ '0.16.13' ],
46 silly audit   '@jimp/plugin-displace': [ '0.16.13' ],
46 silly audit   '@jimp/plugin-dither': [ '0.16.13' ],
46 silly audit   '@jimp/plugin-fisheye': [ '0.16.13' ],
46 silly audit   '@jimp/plugin-flip': [ '0.16.13' ],
46 silly audit   '@jimp/plugin-gaussian': [ '0.16.13' ],
46 silly audit   '@jimp/plugin-invert': [ '0.16.13' ],
46 silly audit   '@jimp/plugin-mask': [ '0.16.13' ],
46 silly audit   '@jimp/plugin-normalize': [ '0.16.13' ],
46 silly audit   '@jimp/plugin-print': [ '0.16.13' ],
46 silly audit   '@jimp/plugin-resize': [ '0.16.13' ],
46 silly audit   '@jimp/plugin-rotate': [ '0.16.13' ],
46 silly audit   '@jimp/plugin-scale': [ '0.16.13' ],
46 silly audit   '@jimp/plugin-shadow': [ '0.16.13' ],
46 silly audit   '@jimp/plugin-threshold': [ '0.16.13' ],
46 silly audit   '@jimp/plugins': [ '0.16.13' ],
46 silly audit   '@jimp/png': [ '0.16.13' ],
46 silly audit   '@jimp/tiff': [ '0.16.13' ],
46 silly audit   '@jimp/types': [ '0.16.13' ],
46 silly audit   '@jimp/utils': [ '0.16.13' ],
46 silly audit   '@protobufjs/aspromise': [ '1.1.2' ],
46 silly audit   '@protobufjs/base64': [ '1.1.2' ],
46 silly audit   '@protobufjs/codegen': [ '2.0.4' ],
46 silly audit   '@protobufjs/eventemitter': [ '1.1.0' ],
46 silly audit   '@protobufjs/fetch': [ '1.1.0' ],
46 silly audit   '@protobufjs/float': [ '1.0.2' ],
46 silly audit   '@protobufjs/inquire': [ '1.1.0' ],
46 silly audit   '@protobufjs/path': [ '1.1.2' ],
46 silly audit   '@protobufjs/pool': [ '1.1.0' ],
46 silly audit   '@protobufjs/utf8': [ '1.1.0' ],
46 silly audit   '@sindresorhus/is': [ '4.6.0' ],
46 silly audit   '@smithy/protocol-http': [ '1.0.1' ],
46 silly audit   '@smithy/types': [ '1.0.0' ],
46 silly audit   '@szmarczak/http-timer': [ '4.0.6' ],
46 silly audit   '@tokenizer/token': [ '0.3.0' ],
46 silly audit   '@tootallnate/once': [ '1.1.2' ],
46 silly audit   '@types/cacheable-request': [ '6.0.3' ],
46 silly audit   '@types/http-cache-semantics': [ '4.0.1' ],
46 silly audit   '@types/keyv': [ '3.1.4' ],
46 silly audit   '@types/long': [ '4.0.2' ],
46 silly audit   '@types/node': [ '20.2.5', '16.9.1', '10.17.60' ],
46 silly audit   '@types/responselike': [ '1.0.0' ],
46 silly audit   '@types/webidl-conversions': [ '7.0.0' ],
46 silly audit   '@types/whatwg-url': [ '8.2.2' ],
46 silly audit   '@whiskeysockets/baileys': [ '6.2.1' ],
46 silly audit   axios: [ '1.4.0', '0.24.0' ],
46 silly audit   'form-data': [ '4.0.0', '3.0.1', '2.3.3', '0.2.0' ],
46 silly audit   abab: [ '2.0.6' ],
46 silly audit   acorn: [ '8.8.2', '7.4.1' ],
46 silly audit   'acorn-globals': [ '6.0.0' ],
46 silly audit   'acorn-walk': [ '7.2.0' ],
46 silly audit   'agent-base': [ '6.0.2' ],
46 silly audit   ajv: [ '6.12.6' ],
46 silly audit   'ansi-regex': [ '5.0.1', '2.1.1', '3.0.1' ],
46 silly audit   'ansi-styles': [ '4.3.0', '3.2.1' ],
46 silly audit   'any-base': [ '1.1.0' ],
46 silly audit   'array-back': [ '3.1.0' ],
46 silly audit   asn1: [ '0.2.6' ],
46 silly audit   'assert-plus': [ '1.0.0' ],
46 silly audit   async: [ '3.2.4', '0.9.2' ],
46 silly audit   'async.parallellimit': [ '0.5.2' ],
46 silly audit   'async.util.eachoflimit': [ '0.5.2' ],
46 silly audit   'async.util.isarray': [ '0.5.2' ],
46 silly audit   'async.util.isarraylike': [ '0.5.2' ],
46 silly audit   'async.util.keyiterator': [ '0.5.2' ],
46 silly audit   'async.util.keys': [ '0.5.2' ],
46 silly audit   'async.util.noop': [ '0.5.2' ],
46 silly audit   'async.util.once': [ '0.5.2' ],
46 silly audit   'async.util.onlyonce': [ '0.5.2' ],
46 silly audit   'async.util.parallel': [ '0.5.2' ],
46 silly audit   'async.util.restparam': [ '0.5.2' ],
46 silly audit   asynckit: [ '0.4.0' ],
46 silly audit   'atomic-sleep': [ '1.0.0' ],
46 silly audit   'available-typed-arrays': [ '1.0.5' ],
46 silly audit   'awesome-phonenumber': [ '2.73.0' ],
46 silly audit   'aws-sign2': [ '0.7.0' ],
46 silly audit   aws4: [ '1.12.0' ],
46 silly audit   'balanced-match': [ '1.0.2' ],
46 silly audit   'base64-js': [ '1.5.1' ],
46 silly audit   'bcrypt-pbkdf': [ '1.0.2' ],
46 silly audit   'bmp-js': [ '0.1.0' ],
46 silly audit   boolbase: [ '1.0.0' ],
46 silly audit   boolstring: [ '1.0.2' ],
46 silly audit   bowser: [ '2.11.0' ],
46 silly audit   'brace-expansion': [ '1.1.11' ],
46 silly audit   'browser-process-hrtime': [ '1.0.0' ],
46 silly audit   bson: [ '4.7.2' ],
46 silly audit   buffer: [ '5.7.1' ],
46 silly audit   'buffer-equal': [ '0.0.1' ],
46 silly audit   'cacheable-lookup': [ '5.0.4' ],
46 silly audit   'cacheable-request': [ '7.0.4' ],
46 silly audit   'call-bind': [ '1.0.2' ],
46 silly audit   caseless: [ '0.12.0' ],
46 silly audit   chalk: [ '4.1.2', '2.4.2', '3.0.0' ],
46 silly audit   cheerio: [ '1.0.0-rc.12' ],
46 silly audit   'cheerio-select': [ '2.1.0' ],
46 silly audit   child_process: [ '1.0.2' ],
46 silly audit   'cli-color': [ '1.2.0' ],
46 silly audit   'cli-cursor': [ '3.1.0' ],
46 silly audit   'cli-spinners': [ '2.9.0' ],
46 silly audit   cliui: [ '8.0.1' ],
46 silly audit   clone: [ '2.1.2', '1.0.4' ],
46 silly audit   'clone-response': [ '1.0.3' ],
46 silly audit   'color-convert': [ '2.0.1', '1.9.3' ],
46 silly audit   'color-name': [ '1.1.4', '1.1.3' ],
46 silly audit   colors: [ '1.4.0' ],
46 silly audit   'combined-stream': [ '1.0.8', '0.0.7' ],
46 silly audit   'command-line-args': [ '5.2.1' ],
46 silly audit   'concat-map': [ '0.0.1' ],
46 silly audit   'content-type': [ '1.0.5' ],
46 silly audit   'core-util-is': [ '1.0.2' ],
46 silly audit   crypto: [ '1.0.1' ],
46 silly audit   'css-select': [ '5.1.0' ],
46 silly audit   'css-what': [ '6.1.0' ],
46 silly audit   cssom: [ '0.4.4', '0.3.8' ],
46 silly audit   cssstyle: [ '2.3.0' ],
46 silly audit   'curve25519-js': [ '0.0.4' ],
46 silly audit   d: [ '1.0.1' ],
46 silly audit   dashdash: [ '1.14.1' ],
46 silly audit   dasu: [ '0.4.3' ],
46 silly audit   'data-urls': [ '2.0.0' ],
46 silly audit   debug: [ '4.3.4' ],
46 silly audit   'decimal.js': [ '10.4.3' ],
46 silly audit   'decompress-response': [ '6.0.0' ],
46 silly audit   'mimic-response': [ '3.1.0', '1.0.1' ],
46 silly audit   'deep-is': [ '0.1.4' ],
46 silly audit   defaults: [ '1.0.4' ],
46 silly audit   'defer-to-connect': [ '2.0.1' ],
46 silly audit   'delayed-stream': [ '1.0.0', '0.0.5' ],
46 silly audit   'dom-serializer': [ '2.0.0' ],
46 silly audit   'dom-walk': [ '0.1.2' ],
46 silly audit   domelementtype: [ '2.3.0' ],
46 silly audit   domexception: [ '2.0.1' ],
46 silly audit   'webidl-conversions': [ '5.0.0', '7.0.0', '3.0.1', '6.1.0' ],
46 silly audit   domhandler: [ '5.0.3' ],
46 silly audit   domutils: [ '3.1.0' ],
46 silly audit   duplexify: [ '4.1.2' ],
46 silly audit   'ecc-jsbn': [ '0.1.2' ],
46 silly audit   'emoji-regex': [ '8.0.0' ],
46 silly audit   'end-of-stream': [ '1.4.4' ],
46 silly audit   entities: [ '4.5.0' ],
46 silly audit   'es5-ext': [ '0.10.62' ],
46 silly audit   'es6-iterator': [ '2.0.3' ],
46 silly audit   'es6-symbol': [ '3.1.3' ],
46 silly audit   'es6-weak-map': [ '2.0.3' ],
46 silly audit   escalade: [ '3.1.1' ],
46 silly audit   'escape-string-regexp': [ '1.0.5' ],
46 silly audit   escodegen: [ '2.0.0' ],
46 silly audit   esprima: [ '4.0.1' ],
46 silly audit   estraverse: [ '5.3.0' ],
46 silly audit   esutils: [ '2.0.3' ],
46 silly audit   'event-emitter': [ '0.3.5' ],
46 silly audit   'exif-parser': [ '0.1.12' ],
46 silly audit   ext: [ '1.7.0' ],
46 silly audit   type: [ '2.7.2', '1.2.0' ],
46 silly audit   extend: [ '3.0.2' ],
46 silly audit   extsprintf: [ '1.3.0' ],
46 silly audit   'fast-deep-equal': [ '3.1.3' ],
46 silly audit   'fast-json-stable-stringify': [ '2.1.0' ],
46 silly audit   'fast-levenshtein': [ '2.0.6' ],
46 silly audit   'fast-redact': [ '3.2.0' ],
46 silly audit   'fast-xml-parser': [ '4.2.4' ],
46 silly audit   'file-type': [ '16.5.4' ],
46 silly audit   'find-replace': [ '3.0.0' ],
46 silly audit   'fluent-ffmpeg': [ '2.1.2' ],
46 silly audit   'follow-redirects': [ '1.15.2' ],
46 silly audit   'for-each': [ '0.3.3' ],
46 silly audit   'forever-agent': [ '0.6.1' ],
46 silly audit   fs: [ '0.0.1-security' ],
46 silly audit   'function-bind': [ '1.1.1' ],
46 silly audit   'futoin-hkdf': [ '1.5.2' ],
46 silly audit   'g-i-s': [ '2.1.6' ],
46 silly audit   'get-caller-file': [ '2.0.5' ],
46 silly audit   'get-intrinsic': [ '1.2.1' ],
46 silly audit   'get-stream': [ '5.2.0' ],
46 silly audit   getpass: [ '0.1.7' ],
46 silly audit   gifwrap: [ '0.9.4' ],
46 silly audit   global: [ '4.4.0' ],
46 silly audit   'google-it': [ '1.6.4' ],
46 silly audit   gopd: [ '1.0.1' ],
46 silly audit   got: [ '11.8.6' ],
46 silly audit   'har-schema': [ '2.0.0' ],
46 silly audit   'har-validator': [ '5.1.5' ],
46 silly audit   has: [ '1.0.3' ],
46 silly audit   'has-flag': [ '4.0.0', '3.0.0' ],
46 silly audit   'has-proto': [ '1.0.1' ],
46 silly audit   'has-symbols': [ '1.0.3' ],
46 silly audit   'has-tostringtag': [ '1.0.0' ],
46 silly audit   'html-encoding-sniffer': [ '2.0.1' ],
46 silly audit   htmlparser2: [ '8.0.2' ],
46 silly audit   'http-cache-semantics': [ '4.1.1' ],
46 silly audit   'http-proxy-agent': [ '4.0.1' ],
46 silly audit   'http-signature': [ '1.2.0' ],
46 silly audit   'http2-wrapper': [ '1.0.3' ],
46 silly audit   'https-proxy-agent': [ '5.0.1' ],
46 silly audit   'human-readable': [ '0.2.1' ],
46 silly audit   'human-time': [ '0.0.2' ],
46 silly audit   'iconv-lite': [ '0.4.24' ],
46 silly audit   ieee754: [ '1.2.1' ],
46 silly audit   'image-q': [ '4.0.0' ],
46 silly audit   inherits: [ '2.0.4', '2.0.3' ],
46 silly audit   ip: [ '2.0.0' ],
46 silly audit   'is-arguments': [ '1.1.1' ],
46 silly audit   'is-callable': [ '1.2.7' ],
46 silly audit   'is-fullwidth-code-point': [ '3.0.0', '2.0.0' ],
46 silly audit   'is-function': [ '1.0.2' ],
46 silly audit   'is-generator-function': [ '1.0.10' ],
46 silly audit   'is-interactive': [ '1.0.0' ],
46 silly audit   'is-potential-custom-element-name': [ '1.0.1' ],
46 silly audit   'is-promise': [ '2.2.2' ],
46 silly audit   'is-typed-array': [ '1.1.10' ],
46 silly audit   'is-typedarray': [ '1.0.0' ],
46 silly audit   isexe: [ '2.0.0' ],
46 silly audit   isstream: [ '0.1.2' ],
46 silly audit   jimp: [ '0.16.13' ],
46 silly audit   'jpeg-js': [ '0.4.4' ],
46 silly audit   jsbn: [ '0.1.1' ],
46 silly audit   jsdom: [ '16.7.0' ],
46 silly audit   parse5: [ '6.0.1', '7.1.2' ],
46 silly audit   ws: [ '7.5.9', '8.13.0' ],
46 silly audit   'json-buffer': [ '3.0.1' ],
46 silly audit   'json-schema': [ '0.4.0' ],
46 silly audit   'json-schema-traverse': [ '0.4.1' ],
46 silly audit   'json-stringify-safe': [ '5.0.1' ],
46 silly audit   'jsonpath-plus': [ '5.0.7' ],
46 silly audit   jsprim: [ '1.4.2' ],
46 silly audit   kareem: [ '2.5.1' ],
46 silly audit   keypress: [ '0.2.1' ],
46 silly audit   keyv: [ '4.5.2' ],
46 silly audit   levn: [ '0.3.0' ],
46 silly audit   'libphonenumber-js': [ '1.10.34' ],
46 silly audit   libsignal: [ '2.0.1' ],
46 silly audit   protobufjs: [ '6.8.8', '6.11.3' ],
46 silly audit   'load-bmfont': [ '1.4.1' ],
46 silly audit   lodash: [ '4.17.21' ],
46 silly audit   'lodash.camelcase': [ '4.3.0' ],
46 silly audit   'lodash.flatten': [ '4.4.0' ],
46 silly audit   'log-symbols': [ '3.0.0' ],
46 silly audit   'supports-color': [ '5.5.0', '7.2.0' ],
46 silly audit   long: [ '4.0.0' ],
46 silly audit   lowdb: [ '2.1.0' ],
46 silly audit   'lowercase-keys': [ '2.0.0' ],
46 silly audit   'lru-queue': [ '0.1.0' ],
46 silly audit   'media-typer': [ '1.1.0' ],
46 silly audit   memoizee: [ '0.4.15' ],
46 silly audit   'memory-pager': [ '1.5.0' ],
46 silly audit   mime: [ '1.6.0', '2.6.0' ],
46 silly audit   'mime-db': [ '1.52.0', '1.12.0' ],
46 silly audit   'mime-types': [ '2.1.35', '2.0.14' ],
46 silly audit   'mimic-fn': [ '2.1.0' ],
46 silly audit   'min-document': [ '2.19.0' ],
46 silly audit   minimatch: [ '3.0.8' ],
46 silly audit   minimist: [ '1.2.8' ],
46 silly audit   mkdirp: [ '0.5.6' ],
46 silly audit   moment: [ '2.29.4' ],
46 silly audit   'moment-timezone': [ '0.5.43' ],
46 silly audit   mongodb: [ '4.16.0' ],
46 silly audit   'mongodb-connection-string-url': [ '2.6.0' ],
46 silly audit   tr46: [ '3.0.0', '0.0.3', '2.1.0' ],
46 silly audit   'whatwg-url': [ '11.0.0', '5.0.0', '8.7.0' ],
46 silly audit   mongoose: [ '6.11.1' ],
46 silly audit   ms: [ '2.1.3', '2.1.2' ],
46 silly audit   mpath: [ '0.9.0' ],
46 silly audit   mquery: [ '4.0.3' ],
46 silly audit   'music-metadata': [ '7.13.4' ],
46 silly audit   'mute-stream': [ '0.0.8' ],
46 silly audit   'next-tick': [ '1.1.0' ],
46 silly audit   'node-cache': [ '5.1.2' ],
46 silly audit   'node-cron': [ '3.0.2' ],
46 silly audit   'node-fetch': [ '2.6.11' ],
46 silly audit   'node-fzf': [ '0.5.3' ],
46 silly audit   'string-width': [ '2.1.1', '4.2.3' ],
46 silly audit   'strip-ansi': [ '4.0.0', '6.0.1' ],
46 silly audit   'node-webpmux': [ '3.1.7' ],
46 silly audit   'normalize-url': [ '6.1.0' ],
46 silly audit   'nth-check': [ '2.1.1' ],
46 silly audit   nwsapi: [ '2.2.5' ],
46 silly audit   'oauth-sign': [ '0.9.0' ],
46 silly audit   omggif: [ '1.0.10' ],
46 silly audit   'on-exit-leak-free': [ '0.2.0' ],
46 silly audit   once: [ '1.4.0' ],
46 silly audit   onetime: [ '5.1.2' ],
46 silly audit   optionator: [ '0.8.3' ],
46 silly audit   ora: [ '4.1.1' ],
46 silly audit   os: [ '0.1.2' ],
46 silly audit   'p-cancelable': [ '2.1.1' ],
46 silly audit   pako: [ '1.0.11' ],
46 silly audit   'parse-bmfont-ascii': [ '1.0.6' ],
46 silly audit   'parse-bmfont-binary': [ '1.0.6' ],
46 silly audit   'parse-bmfont-xml': [ '1.1.4' ],
46 silly audit   'parse-headers': [ '2.0.5' ],
46 silly audit   'parse5-htmlparser2-tree-adapter': [ '7.0.0' ],
46 silly audit   path: [ '0.12.7' ],
46 silly audit   util: [ '0.10.4', '0.12.5' ],
46 silly audit   'peek-readable': [ '4.1.0' ],
46 silly audit   perf_hooks: [ '0.0.1' ],
46 silly audit   'performance-now': [ '2.1.0' ],
46 silly audit   phin: [ '2.9.3' ],
46 silly audit   pino: [ '7.11.0' ],
46 silly audit   'pino-abstract-transport': [ '0.5.0' ],
46 silly audit   'pino-std-serializers': [ '4.0.0' ],
46 silly audit   pixelmatch: [ '4.0.2' ],
46 silly audit   pngjs: [ '3.4.0' ],
46 silly audit   'prelude-ls': [ '1.1.2' ],
46 silly audit   process: [ '0.11.10' ],
46 silly audit   'process-warning': [ '1.0.0' ],
46 silly audit   'proxy-from-env': [ '1.1.0' ],
46 silly audit   psl: [ '1.9.0' ],
46 silly audit   pump: [ '3.0.0' ],
46 silly audit   punycode: [ '2.3.0' ],
46 silly audit   'qrcode-terminal': [ '0.12.0' ],
46 silly audit   qs: [ '6.5.3' ],
46 silly audit   querystringify: [ '2.2.0' ],
46 silly audit   'quick-format-unescaped': [ '4.0.4' ],
46 silly audit   'quick-lru': [ '5.1.1' ],
46 silly audit   'readable-stream': [ '3.6.2' ],
46 silly audit   'readable-web-to-node-stream': [ '3.0.2' ],
46 silly audit   'real-require': [ '0.1.0' ],
46 silly audit   redstar: [ '0.0.2' ],
46 silly audit   'regenerator-runtime': [ '0.13.11' ],
46 silly audit   'remove.bg': [ '1.3.0' ],
46 silly audit   request: [ '2.88.2' ],
46 silly audit   'tough-cookie': [ '2.5.0', '4.1.3' ],
46 silly audit   'require-directory': [ '2.1.1' ],
46 silly audit   'requires-port': [ '1.0.0' ],
46 silly audit   'resolve-alpn': [ '1.2.1' ],
46 silly audit   responselike: [ '2.0.1' ],
46 silly audit   'restore-cursor': [ '3.1.0' ],
46 silly audit   'safe-buffer': [ '5.2.1' ],
46 silly audit   'safe-stable-stringify': [ '2.4.3' ],
46 silly audit   'safer-buffer': [ '2.1.2' ],
46 silly audit   saslprep: [ '1.0.3' ],
46 silly audit   sax: [ '1.2.4' ],
46 silly audit   saxes: [ '5.0.1' ],
46 silly audit   'scrape-primbon': [ '1.1.0' ],
46 silly audit   sift: [ '16.0.1' ],
46 silly audit   'signal-exit': [ '3.0.7' ],
46 silly audit   'smart-buffer': [ '4.2.0' ],
46 silly audit   socks: [ '2.7.1' ],
46 silly audit   'sonic-boom': [ '2.8.0' ],
46 silly audit   'source-map': [ '0.6.1' ],
46 silly audit   'sparse-bitfield': [ '3.0.3' ],
46 silly audit   split2: [ '4.2.0' ],
46 silly audit   sshpk: [ '1.17.0' ],
46 silly audit   steno: [ '1.0.0' ],
46 silly audit   'stream-shift': [ '1.0.1' ],
46 silly audit   string_decoder: [ '1.3.0' ],
46 silly audit   strnum: [ '1.0.5' ],
46 silly audit   strtok3: [ '6.3.0' ],
46 silly audit   'symbol-tree': [ '3.2.4' ],
46 silly audit   'thread-stream': [ '0.15.2' ],
46 silly audit   'timers-ext': [ '0.1.7' ],
46 silly audit   timm: [ '1.7.1' ],
46 silly audit   tinycolor2: [ '1.6.0' ],
46 silly audit   'token-types': [ '4.2.1' ],
46 silly audit   ttys: [ '0.0.3' ],
46 silly audit   'tunnel-agent': [ '0.6.0' ],
46 silly audit   tweetnacl: [ '0.14.5' ],
46 silly audit   'type-check': [ '0.3.2' ],
46 silly audit   typical: [ '4.0.0' ],
46 silly audit   unirest: [ '0.6.0' ],
46 silly audit   universalify: [ '0.2.0' ],
46 silly audit   'uri-js': [ '4.4.1' ],
46 silly audit   'url-parse': [ '1.5.10' ],
46 silly audit   utif: [ '2.0.1' ],
46 silly audit   'util-deprecate': [ '1.0.2' ],
46 silly audit   verror: [ '1.10.0' ],
46 silly audit   'w3c-hr-time': [ '1.0.2' ],
46 silly audit   'w3c-xmlserializer': [ '2.0.0' ],
46 silly audit   wcwidth: [ '1.0.1' ],
46 silly audit   'whatwg-encoding': [ '1.0.5' ],
46 silly audit   'whatwg-mimetype': [ '2.3.0' ],
46 silly audit   which: [ '1.3.1' ],
46 silly audit   'which-typed-array': [ '1.1.9' ],
46 silly audit   'word-wrap': [ '1.2.3' ],
46 silly audit   'wrap-ansi': [ '7.0.0' ],
46 silly audit   wrappy: [ '1.0.2' ],
46 silly audit   xhr: [ '2.6.0' ],
46 silly audit   'xml-name-validator': [ '3.0.0' ],
46 silly audit   'xml-parse-from-string': [ '1.0.1' ],
46 silly audit   xml2js: [ '0.4.23' ],
46 silly audit   xmlbuilder: [ '11.0.1' ],
46 silly audit   xmlchars: [ '2.2.0' ],
46 silly audit   xtend: [ '4.0.2' ],
46 silly audit   y18n: [ '5.0.8' ],
46 silly audit   yargs: [ '17.7.2' ],
46 silly audit   'yargs-parser': [ '21.1.1' ],
46 silly audit   'yt-search': [ '2.10.4' ]
46 silly audit }
47 verbose reify failed optional dependency /home/container/node_modules/@ffmpeg-installer/win32-x64
48 silly reify mark deleted [ '/home/container/node_modules/@ffmpeg-installer/win32-x64' ]
49 verbose reify failed optional dependency /home/container/node_modules/@ffmpeg-installer/win32-ia32
50 silly reify mark deleted [ '/home/container/node_modules/@ffmpeg-installer/win32-ia32' ]
51 verbose reify failed optional dependency /home/container/node_modules/@ffmpeg-installer/linux-ia32
52 silly reify mark deleted [ '/home/container/node_modules/@ffmpeg-installer/linux-ia32' ]
53 verbose reify failed optional dependency /home/container/node_modules/@ffmpeg-installer/linux-arm64
54 silly reify mark deleted [ '/home/container/node_modules/@ffmpeg-installer/linux-arm64' ]
55 verbose reify failed optional dependency /home/container/node_modules/@ffmpeg-installer/linux-arm
56 silly reify mark deleted [ '/home/container/node_modules/@ffmpeg-installer/linux-arm' ]
57 verbose reify failed optional dependency /home/container/node_modules/@ffmpeg-installer/darwin-x64
58 silly reify mark deleted [ '/home/container/node_modules/@ffmpeg-installer/darwin-x64' ]
59 verbose reify failed optional dependency /home/container/node_modules/@ffmpeg-installer/darwin-arm64
60 silly reify mark deleted [ '/home/container/node_modules/@ffmpeg-installer/darwin-arm64' ]
61 timing reifyNode:node_modules/@ffmpeg-installer/win32-x64 Completed in 91ms
62 timing reifyNode:node_modules/@ffmpeg-installer/win32-ia32 Completed in 90ms
63 timing reifyNode:node_modules/@ffmpeg-installer/linux-ia32 Completed in 90ms
64 timing reifyNode:node_modules/@ffmpeg-installer/linux-arm64 Completed in 89ms
65 timing reifyNode:node_modules/@ffmpeg-installer/linux-arm Completed in 89ms
66 timing reifyNode:node_modules/@ffmpeg-installer/darwin-x64 Completed in 89ms
67 timing reifyNode:node_modules/@ffmpeg-installer/darwin-arm64 Completed in 90ms
68 timing reify:unpack Completed in 92ms
69 timing reify:unretire Completed in 0ms
70 timing build:queue Completed in 14ms
71 timing build:deps Completed in 14ms
72 timing build Completed in 16ms
73 timing reify:build Completed in 17ms
74 timing reify:trash Completed in 4ms
75 timing reify:save Completed in 364ms
76 http fetch POST 200 https://registry.npmjs.org/-/npm/v1/security/advisories/bulk 974ms
77 timing auditReport:getReport Completed in 992ms
78 silly audit report {
78 silly audit report   request: [
78 silly audit report     {
78 silly audit report       id: 1091725,
78 silly audit report       url: 'https://github.com/advisories/GHSA-p8p7-x288-28g6',
78 silly audit report       title: 'Server-Side Request Forgery in Request',
78 silly audit report       severity: 'moderate',
78 silly audit report       vulnerable_versions: '<=2.88.2',
78 silly audit report       cwe: [Array],
78 silly audit report       cvss: [Object]
78 silly audit report     }
78 silly audit report   ],
78 silly audit report   xml2js: [
78 silly audit report     {
78 silly audit report       id: 1091837,
78 silly audit report       url: 'https://github.com/advisories/GHSA-776f-qx25-q3cc',
78 silly audit report       title: 'xml2js is vulnerable to prototype pollution ',
78 silly audit report       severity: 'moderate',
78 silly audit report       vulnerable_versions: '<0.5.0',
78 silly audit report       cwe: [Array],
78 silly audit report       cvss: [Object]
78 silly audit report     }
78 silly audit report   ]
78 silly audit report }
79 timing metavuln:cache:get:security-advisory:request:FnfdbROYvhIvLXlyoCxSSx8bViC9ql5CpEoHBRMANr9SovQth2yAv4XvirMLy/Xm27LclHTb7yVYR3nh2lzexQ== Completed in 17ms
80 timing metavuln:cache:get:security-advisory:xml2js:cem4j+a81otlg3Y4QVfkHSAUYHtVn3M7679cXa/GaYzkeO46MeLDolg3K7omxkZB7maptIJDRsayskGK1ICYeQ== Completed in 15ms
81 http fetch GET 200 https://registry.npmjs.org/request 32ms (cache hit)
82 timing metavuln:packument:request Completed in 37ms
83 timing metavuln:load:security-advisory:request:1091725 Completed in 3ms
84 timing metavuln:calculate:security-advisory:request:1091725 Completed in 42ms
85 http fetch GET 200 https://registry.npmjs.org/xml2js 39ms (cache hit)
86 timing metavuln:packument:xml2js Completed in 40ms
87 timing metavuln:load:security-advisory:xml2js:1091837 Completed in 1ms
88 timing metavuln:calculate:security-advisory:xml2js:1091837 Completed in 42ms
89 timing metavuln:cache:get:security-advisory:g-i-s:+vBVfoOybDz6STzensEQdG3O0QkCEO5/z5G8Is+LlmbFJZemLRfyIbDPmlLkB2UIi3kQdwv3PtM66L+lmNZKIw== Completed in 16ms
90 timing metavuln:cache:get:security-advisory:google-it:cp03jW+0OppbzElkEQgLEFAWoIk/PFYrGQLr6whn46jndZaq1QzDAhcS4IC21Io+ZW7ICZqn1zCy0ER6hI95EA== Completed in 14ms
91 timing metavuln:cache:get:security-advisory:remove.bg:GBHjUJlL2YDVuOBTv1lHMYb7LHDnPBvH3XC6nPWcJZcE+C3+6fDbvwv8SDlhZXnOUJ6Xepnk7ONnLd7zCd9mEA== Completed in 14ms
92 timing metavuln:cache:get:security-advisory:unirest:7D2LHOKCZ0gAfg7LUl5I93Ex+ctGQDbWWzkMDReaJ6HzOppgkHcNKdOZrouPDJAi6XXhhvMbI1D3p2NwWLm8Xw== Completed in 14ms
93 http fetch GET 200 https://registry.npmjs.org/g-i-s 24ms (cache hit)
94 timing metavuln:packument:g-i-s Completed in 25ms
95 timing metavuln:load:security-advisory:g-i-s:FnfdbROYvhIvLXlyoCxSSx8bViC9ql5CpEoHBRMANr9SovQth2yAv4XvirMLy/Xm27LclHTb7yVYR3nh2lzexQ== Completed in 0ms
96 timing metavuln:calculate:security-advisory:g-i-s:FnfdbROYvhIvLXlyoCxSSx8bViC9ql5CpEoHBRMANr9SovQth2yAv4XvirMLy/Xm27LclHTb7yVYR3nh2lzexQ== Completed in 26ms
97 http fetch GET 200 https://registry.npmjs.org/google-it 24ms (cache hit)
98 timing metavuln:packument:google-it Completed in 25ms
99 timing metavuln:load:security-advisory:google-it:FnfdbROYvhIvLXlyoCxSSx8bViC9ql5CpEoHBRMANr9SovQth2yAv4XvirMLy/Xm27LclHTb7yVYR3nh2lzexQ== Completed in 0ms
100 timing metavuln:calculate:security-advisory:google-it:FnfdbROYvhIvLXlyoCxSSx8bViC9ql5CpEoHBRMANr9SovQth2yAv4XvirMLy/Xm27LclHTb7yVYR3nh2lzexQ== Completed in 27ms
101 http fetch GET 200 https://registry.npmjs.org/remove.bg 25ms (cache hit)
102 timing metavuln:packument:remove.bg Completed in 25ms
103 timing metavuln:load:security-advisory:remove.bg:FnfdbROYvhIvLXlyoCxSSx8bViC9ql5CpEoHBRMANr9SovQth2yAv4XvirMLy/Xm27LclHTb7yVYR3nh2lzexQ== Completed in 1ms
104 timing metavuln:calculate:security-advisory:remove.bg:FnfdbROYvhIvLXlyoCxSSx8bViC9ql5CpEoHBRMANr9SovQth2yAv4XvirMLy/Xm27LclHTb7yVYR3nh2lzexQ== Completed in 27ms
105 http fetch GET 200 https://registry.npmjs.org/unirest 25ms (cache hit)
106 timing metavuln:packument:unirest Completed in 27ms
107 timing metavuln:load:security-advisory:unirest:FnfdbROYvhIvLXlyoCxSSx8bViC9ql5CpEoHBRMANr9SovQth2yAv4XvirMLy/Xm27LclHTb7yVYR3nh2lzexQ== Completed in 0ms
108 timing metavuln:calculate:security-advisory:unirest:FnfdbROYvhIvLXlyoCxSSx8bViC9ql5CpEoHBRMANr9SovQth2yAv4XvirMLy/Xm27LclHTb7yVYR3nh2lzexQ== Completed in 27ms
109 timing metavuln:cache:get:security-advisory:parse-bmfont-xml:lV8cOSc1EuqGt6rcbxLHckCFl97ZfGEleONTSOOwKs8ZbZwzjura9RYJ8sCrUuobbPUzBD+nSjwj+kgRfjOXSw== Completed in 4ms
110 http fetch GET 200 https://registry.npmjs.org/parse-bmfont-xml 6ms (cache hit)
111 timing metavuln:packument:parse-bmfont-xml Completed in 6ms
112 timing metavuln:load:security-advisory:parse-bmfont-xml:cem4j+a81otlg3Y4QVfkHSAUYHtVn3M7679cXa/GaYzkeO46MeLDolg3K7omxkZB7maptIJDRsayskGK1ICYeQ== Completed in 1ms
113 timing metavuln:calculate:security-advisory:parse-bmfont-xml:cem4j+a81otlg3Y4QVfkHSAUYHtVn3M7679cXa/GaYzkeO46MeLDolg3K7omxkZB7maptIJDRsayskGK1ICYeQ== Completed in 8ms
114 timing metavuln:cache:get:security-advisory:remove.bg:+QN9/cEXJ/O0R2dBj7U2sIgGI/Mwhf4atUFXjbUe2iKgzv9gL6tyaRdZqx8kro2+1MbNyG4/Cc2fmOwxaFAcAQ== Completed in 1ms
115 timing metavuln:load:security-advisory:remove.bg:7D2LHOKCZ0gAfg7LUl5I93Ex+ctGQDbWWzkMDReaJ6HzOppgkHcNKdOZrouPDJAi6XXhhvMbI1D3p2NwWLm8Xw== Completed in 0ms
116 timing metavuln:calculate:security-advisory:remove.bg:7D2LHOKCZ0gAfg7LUl5I93Ex+ctGQDbWWzkMDReaJ6HzOppgkHcNKdOZrouPDJAi6XXhhvMbI1D3p2NwWLm8Xw== Completed in 2ms
117 timing metavuln:cache:get:security-advisory:load-bmfont:SHMLP8MF6fK39BIaMmn324EveomRVcVpUiLCwpWA5deN7gwnGmo8jru663hx2dWI3bqpdz9Y8/aJ2/4ApBeKxQ== Completed in 3ms
118 http fetch GET 200 https://registry.npmjs.org/load-bmfont 6ms (cache hit)
119 timing metavuln:packument:load-bmfont Completed in 7ms
120 timing metavuln:load:security-advisory:load-bmfont:lV8cOSc1EuqGt6rcbxLHckCFl97ZfGEleONTSOOwKs8ZbZwzjura9RYJ8sCrUuobbPUzBD+nSjwj+kgRfjOXSw== Completed in 0ms
121 timing metavuln:calculate:security-advisory:load-bmfont:lV8cOSc1EuqGt6rcbxLHckCFl97ZfGEleONTSOOwKs8ZbZwzjura9RYJ8sCrUuobbPUzBD+nSjwj+kgRfjOXSw== Completed in 7ms
122 timing metavuln:cache:get:security-advisory:@jimp/core:fUZ5hxlkX3kN9aoixPLpLdWsr3QuRs9rLdRRW5t4g+WBi8DEsXCzjPcP6bqLK5tKsuYxm/2s0WRBXpURd9edyw== Completed in 8ms
123 timing metavuln:cache:get:security-advisory:@jimp/plugin-print:SIGCpK1sFHqew7h4a+M9+GoRS/kZ7GkiA+0p+oonLVx0LCisYBp3hRk9xBvvqUksYZSFXcciOcVcO6qSHAtauw== Completed in 8ms
124 http fetch GET 200 https://registry.npmjs.org/@jimp%2fcore 17ms (cache hit)
125 timing metavuln:packument:@jimp/core Completed in 22ms
126 timing metavuln:load:security-advisory:@jimp/core:SHMLP8MF6fK39BIaMmn324EveomRVcVpUiLCwpWA5deN7gwnGmo8jru663hx2dWI3bqpdz9Y8/aJ2/4ApBeKxQ== Completed in 4ms
127 timing metavuln:calculate:security-advisory:@jimp/core:SHMLP8MF6fK39BIaMmn324EveomRVcVpUiLCwpWA5deN7gwnGmo8jru663hx2dWI3bqpdz9Y8/aJ2/4ApBeKxQ== Completed in 27ms
128 http fetch GET 200 https://registry.npmjs.org/@jimp%2fplugin-print 26ms (cache hit)
129 timing metavuln:packument:@jimp/plugin-print Completed in 31ms
130 timing metavuln:load:security-advisory:@jimp/plugin-print:SHMLP8MF6fK39BIaMmn324EveomRVcVpUiLCwpWA5deN7gwnGmo8jru663hx2dWI3bqpdz9Y8/aJ2/4ApBeKxQ== Completed in 21ms
131 timing metavuln:calculate:security-advisory:@jimp/plugin-print:SHMLP8MF6fK39BIaMmn324EveomRVcVpUiLCwpWA5deN7gwnGmo8jru663hx2dWI3bqpdz9Y8/aJ2/4ApBeKxQ== Completed in 52ms
132 timing metavuln:cache:get:security-advisory:@jimp/custom:2oJW9dt1LzfzWLy6W2nkBLW8k76vj3QP5LpFi0xF3IKNyIkZKRz0hxYT+6c21TsMIUH1iQgylpSQWUGO6HmhZA== Completed in 17ms
133 http fetch GET 200 https://registry.npmjs.org/@jimp%2fcustom 22ms (cache hit)
134 timing metavuln:packument:@jimp/custom Completed in 26ms
135 timing metavuln:load:security-advisory:@jimp/custom:fUZ5hxlkX3kN9aoixPLpLdWsr3QuRs9rLdRRW5t4g+WBi8DEsXCzjPcP6bqLK5tKsuYxm/2s0WRBXpURd9edyw== Completed in 4ms
136 timing metavuln:calculate:security-advisory:@jimp/custom:fUZ5hxlkX3kN9aoixPLpLdWsr3QuRs9rLdRRW5t4g+WBi8DEsXCzjPcP6bqLK5tKsuYxm/2s0WRBXpURd9edyw== Completed in 32ms
137 timing metavuln:cache:get:security-advisory:@jimp/plugins:VzV08+lyJdIf+OECk7IanEChIMMYoJ93g0A+j4kkLrIOsgPTiFhwbqVKDApy0+VO7O5ntchezSQ1JAd1C1/qeA== Completed in 5ms
138 http fetch GET 200 https://registry.npmjs.org/@jimp%2fplugins 11ms (cache hit)
139 timing metavuln:packument:@jimp/plugins Completed in 17ms
140 timing metavuln:load:security-advisory:@jimp/plugins:SIGCpK1sFHqew7h4a+M9+GoRS/kZ7GkiA+0p+oonLVx0LCisYBp3hRk9xBvvqUksYZSFXcciOcVcO6qSHAtauw== Completed in 4ms
141 timing metavuln:calculate:security-advisory:@jimp/plugins:SIGCpK1sFHqew7h4a+M9+GoRS/kZ7GkiA+0p+oonLVx0LCisYBp3hRk9xBvvqUksYZSFXcciOcVcO6qSHAtauw== Completed in 22ms
142 timing metavuln:cache:get:security-advisory:@jimp/bmp:uYhwv5G0pbAlz5E2Xs/1lbLx47iuqON1FTQ2jhixYNKCu3GM6SsMg9OXiJ9kOAW0LxMKV9H0vXgzqJ9RTySIrQ== Completed in 99ms
143 timing metavuln:cache:get:security-advisory:@jimp/gif:FlPfQMTFEaf5DnZYwvN3Xs+1W42BxE5sqCR9jXkW1egv1ENtM+Wye6HO92y6fWLDkw5TW2jAo+Ea8pS1GEpSFw== Completed in 99ms
144 timing metavuln:cache:get:security-advisory:@jimp/jpeg:gABm7i07mtMORW+acOZhwjimNCOqvSr0WG7U3IrSEIe4dXzHTp0KWMvsExu6sGzj5tFci0OU4Io0xPT5WKvEkw== Completed in 98ms
145 timing metavuln:cache:get:security-advisory:@jimp/plugin-blit:4gHlBj71XYR8DPUmWAeEWbZvMm/3BAXonTw+y3yxwm0uP1pwokVaTHZF4hXcJQABhkY/FgO0r0i/wV01yFdgKw== Completed in 97ms
146 timing metavuln:cache:get:security-advisory:@jimp/plugin-blur:UJspLHvP3ZeUoBSUGGTv45wsY8Jd2KO862b5yj7tHYcKjGVwZdMmhKIvIBeyJZmbejczXfzjjGAE9mACoclg8g== Completed in 97ms
147 timing metavuln:cache:get:security-advisory:@jimp/plugin-circle:bZatUhnoIsjOun91o6ek53EQ0WCa1Kgp/cIvvoH6aKnBhsVmuy+YSFJaB1tJ3FqRX9o6mkmjGGxR4yq0ZQ46IA== Completed in 96ms
148 timing metavuln:cache:get:security-advisory:@jimp/plugin-color:DpaLZcKp0xsYqjSFvN6m3k6KjZvE3g3sER5edYBvw1rWPbj8p3LDtuQEQRCJ7vdbC8Eujht+3x5LCG66Iiug1w== Completed in 95ms
149 timing metavuln:cache:get:security-advisory:@jimp/plugin-contain:1RaMdqELA7q7+VglILFFIb+ZW/eCsgMDOUKeatIXM/xAYuKqhdUME3myarKiKp4G8PRzhTZyshLlSsVYw78hFg== Completed in 95ms
150 timing metavuln:cache:get:security-advisory:@jimp/plugin-cover:glBssT2t5AnDL6KKHIosEzVcBdfqcSWYiw+DNPLvpSdZrFqmUUIDq3MgKDBxo+/+dGoL4ShQnq/doMxdA0SISg== Completed in 93ms
151 timing metavuln:cache:get:security-advisory:@jimp/plugin-crop:BZYBr66mbcl9LSEwagSMnpPlPLk+oIq8UvGrW1qCg7g4HsOGm/Yhleu3bEACz2CnAxHbqW/f2AASs577cORk7Q== Completed in 92ms
152 timing metavuln:cache:get:security-advisory:@jimp/plugin-displace:hZXvZf1H+Y9dk2QhVcBmf93G+B12Zs9TJv4z0hLpDPvoqPLZL1e0i8Xga8ADmHl4Xasdbq3oyjNkEf7+iY1fhg== Completed in 91ms
153 timing metavuln:cache:get:security-advisory:@jimp/plugin-dither:cfJ7v63tuMe5pzvCbdcZjXsnvLQVoMCUP+C6cuS5vNN+6S2yoEQ2Xz9T+csoRguewdDzdkkVdjASURo19tcG9g== Completed in 89ms
154 timing metavuln:cache:get:security-advisory:@jimp/plugin-fisheye:qwrNdLAJ45U5VZr1NpYKtCFmSRataXaJVZpJvT9ZRVnV/Kpryaag5+y779hjo9uCEGUV+afkR+QVyNH7DF8PWw== Completed in 88ms
155 timing metavuln:cache:get:security-advisory:@jimp/plugin-flip:G5HHUc+7WxVHEXVTIIFWwmYFR24cmx9OeIekc2OspX24AthavBpf8SXx9HODZDa3AvyVptcRPXR+t/QOtNtlTw== Completed in 87ms
156 timing metavuln:cache:get:security-advisory:@jimp/plugin-gaussian:3PYL2d4zc7xRZW+Hsk2IF9JQ2p2IcXORqrPv8lQ6sv70TiUX2U5OWMeMpW84rtM/XnTVk+6l1aOkZejPaXMPbg== Completed in 86ms
157 timing metavuln:cache:get:security-advisory:@jimp/plugin-invert:bQ0K6UhG4DCP6q2DaWjPFAOlvrM+hHbtMjCCvmN3jn56nhBU0bcESFUP7fWV8VbJfyIO9nVaZrS3LcvLgbDtqg== Completed in 85ms
158 timing metavuln:cache:get:security-advisory:@jimp/plugin-mask:GGme9VuzCLXUiaMA5ceIpBqW74g0cVt10Iraq5pbQB/1faOWQOfKuImEvayyexsY1kycZxk+aBEY1RK48aLh9w== Completed in 83ms
159 timing metavuln:cache:get:security-advisory:@jimp/plugin-print:/1eKJBiDgNvWORK9pQjOPZLz9No+sEZ9gxigZ0FonrqexwbVvG9v+7AKIsowps0Vclq1maud0UP88fp9p+GpWg== Completed in 81ms
160 timing metavuln:load:security-advisory:@jimp/plugin-print:2oJW9dt1LzfzWLy6W2nkBLW8k76vj3QP5LpFi0xF3IKNyIkZKRz0hxYT+6c21TsMIUH1iQgylpSQWUGO6HmhZA== Completed in 4ms
161 timing metavuln:calculate:security-advisory:@jimp/plugin-print:2oJW9dt1LzfzWLy6W2nkBLW8k76vj3QP5LpFi0xF3IKNyIkZKRz0hxYT+6c21TsMIUH1iQgylpSQWUGO6HmhZA== Completed in 85ms
162 timing metavuln:cache:get:security-advisory:@jimp/plugin-resize:FYJ6O6uzvjs+sNqoq0lwGJ6z+pvf8wCnEajswv6NUkfSJsl4MHq7gAAIwUpdChnwEZe2PikvRarpfDBef1ogpQ== Completed in 98ms
163 timing metavuln:cache:get:security-advisory:@jimp/plugin-rotate:bAvihgmjgG1e6sqUVfB07+9Y0M6u6OCNDcbePjGwyyXpTH9yxpjp+MYzqJgYSIyNnIVb/U2rTSAyDYZ+mMJw6Q== Completed in 97ms
164 timing metavuln:cache:get:security-advisory:@jimp/plugin-scale:X9zDHyy9f5liiEPoaT7PJUE+ifE/lrMwBOFx4Ur8PqLl/9lO3rlRAmiz9DoW9QPCUnbpfB7QLEwWgHxfWsUcWw== Completed in 97ms
165 timing metavuln:cache:get:security-advisory:@jimp/plugin-shadow:pQ1NnGtnRdBT0G6cU/VomCkLBHkuuJrfE2UyqFKnRAd0z9tQZUDYFTlYAMHkn5LXu3YUilwxIYYTEP6VbzLRYA== Completed in 96ms
166 timing metavuln:cache:get:security-advisory:@jimp/plugin-threshold:8COKwgxWkZoej2hIGH2tHLhjCtJbGrEvnV960crIF0haFE80kvBznBlTfiVcr/umCxAVNVn7xV3FKazrh+yEGQ== Completed in 95ms
167 timing metavuln:cache:get:security-advisory:@jimp/plugins:YQ7OqVkLTgD/XFJetztYEQWIzPo7mrswMOlV4lhEYEQ+6NVj6dkuPvZuIZoQAaBQXkAfGmk8O1xwzjfI9mCBuw== Completed in 93ms
168 timing metavuln:load:security-advisory:@jimp/plugins:2oJW9dt1LzfzWLy6W2nkBLW8k76vj3QP5LpFi0xF3IKNyIkZKRz0hxYT+6c21TsMIUH1iQgylpSQWUGO6HmhZA== Completed in 2ms
169 timing metavuln:calculate:security-advisory:@jimp/plugins:2oJW9dt1LzfzWLy6W2nkBLW8k76vj3QP5LpFi0xF3IKNyIkZKRz0hxYT+6c21TsMIUH1iQgylpSQWUGO6HmhZA== Completed in 96ms
170 timing metavuln:cache:get:security-advisory:@jimp/png:ylaUTJmgK64+fNffO2SmcSFirY29Uy7IWpG7rXOt6NHccxkS74mrZbuY0dP9HS/bq9Rjt6sQ6PBpo7yFsJJoLQ== Completed in 95ms
171 timing metavuln:cache:get:security-advisory:@jimp/tiff:Vu0vHQOdbBvvoTa1sUk8y81sOOO5eRMr2Dv/OyzaV1r/sa6LJuz7C5ueaqMUrFkvRxeW3EoIiDxYj+cU6HuUmw== Completed in 94ms
172 timing metavuln:cache:get:security-advisory:@jimp/types:Ufr5HjSJtNXZPwpwgLloVGdbeW/K+rXBOfQfiScQyFEJiMLHrDHziuAoJ7UYcCzI+03DoaQHDgXbc5CmJJBuAQ== Completed in 94ms
173 timing metavuln:cache:get:security-advisory:jimp:P5sdTtuuzaYUCNScYxy4GTYoM0Y7h3Ov6W4kOkBjIW/5Q27oyoAhOZOYg9dPFj0dUdgUDok7GeC79FyB1yuMhg== Completed in 93ms
174 timing metavuln:cache:get:security-advisory:@jimp/plugin-normalize:+4F2DJTSVCPXEpQ5gvCWbhAl5SLfpoJhSrS8Gr1TDgYl7beDR3YWmcniS2QPfyZOHV87PKbp3+u7xoLCax7p+g== Completed in 105ms
175 http fetch GET 200 https://registry.npmjs.org/@jimp%2fbmp 255ms (cache hit)
176 timing metavuln:packument:@jimp/bmp Completed in 265ms
177 timing metavuln:load:security-advisory:@jimp/bmp:2oJW9dt1LzfzWLy6W2nkBLW8k76vj3QP5LpFi0xF3IKNyIkZKRz0hxYT+6c21TsMIUH1iQgylpSQWUGO6HmhZA== Completed in 2ms
178 timing metavuln:calculate:security-advisory:@jimp/bmp:2oJW9dt1LzfzWLy6W2nkBLW8k76vj3QP5LpFi0xF3IKNyIkZKRz0hxYT+6c21TsMIUH1iQgylpSQWUGO6HmhZA== Completed in 267ms
179 http fetch GET 200 https://registry.npmjs.org/@jimp%2fgif 268ms (cache hit)
180 timing metavuln:packument:@jimp/gif Completed in 274ms
181 timing metavuln:load:security-advisory:@jimp/gif:2oJW9dt1LzfzWLy6W2nkBLW8k76vj3QP5LpFi0xF3IKNyIkZKRz0hxYT+6c21TsMIUH1iQgylpSQWUGO6HmhZA== Completed in 2ms
182 timing metavuln:calculate:security-advisory:@jimp/gif:2oJW9dt1LzfzWLy6W2nkBLW8k76vj3QP5LpFi0xF3IKNyIkZKRz0hxYT+6c21TsMIUH1iQgylpSQWUGO6HmhZA== Completed in 276ms
183 http fetch GET 200 https://registry.npmjs.org/@jimp%2fplugin-blur 275ms (cache hit)
184 timing metavuln:packument:@jimp/plugin-blur Completed in 279ms
185 timing metavuln:load:security-advisory:@jimp/plugin-blur:2oJW9dt1LzfzWLy6W2nkBLW8k76vj3QP5LpFi0xF3IKNyIkZKRz0hxYT+6c21TsMIUH1iQgylpSQWUGO6HmhZA== Completed in 7ms
186 timing metavuln:calculate:security-advisory:@jimp/plugin-blur:2oJW9dt1LzfzWLy6W2nkBLW8k76vj3QP5LpFi0xF3IKNyIkZKRz0hxYT+6c21TsMIUH1iQgylpSQWUGO6HmhZA== Completed in 286ms
187 http fetch GET 200 https://registry.npmjs.org/@jimp%2fplugin-circle 287ms (cache hit)
188 timing metavuln:packument:@jimp/plugin-circle Completed in 291ms
189 timing metavuln:load:security-advisory:@jimp/plugin-circle:2oJW9dt1LzfzWLy6W2nkBLW8k76vj3QP5LpFi0xF3IKNyIkZKRz0hxYT+6c21TsMIUH1iQgylpSQWUGO6HmhZA== Completed in 2ms
190 timing metavuln:calculate:security-advisory:@jimp/plugin-circle:2oJW9dt1LzfzWLy6W2nkBLW8k76vj3QP5LpFi0xF3IKNyIkZKRz0hxYT+6c21TsMIUH1iQgylpSQWUGO6HmhZA== Completed in 293ms
191 http fetch GET 200 https://registry.npmjs.org/@jimp%2fplugin-color 294ms (cache hit)
192 timing metavuln:packument:@jimp/plugin-color Completed in 298ms
193 timing metavuln:load:security-advisory:@jimp/plugin-color:2oJW9dt1LzfzWLy6W2nkBLW8k76vj3QP5LpFi0xF3IKNyIkZKRz0hxYT+6c21TsMIUH1iQgylpSQWUGO6HmhZA== Completed in 2ms
194 timing metavuln:calculate:security-advisory:@jimp/plugin-color:2oJW9dt1LzfzWLy6W2nkBLW8k76vj3QP5LpFi0xF3IKNyIkZKRz0hxYT+6c21TsMIUH1iQgylpSQWUGO6HmhZA== Completed in 300ms
195 http fetch GET 200 https://registry.npmjs.org/@jimp%2fplugin-contain 302ms (cache hit)
196 timing metavuln:packument:@jimp/plugin-contain Completed in 305ms
197 timing metavuln:load:security-advisory:@jimp/plugin-contain:2oJW9dt1LzfzWLy6W2nkBLW8k76vj3QP5LpFi0xF3IKNyIkZKRz0hxYT+6c21TsMIUH1iQgylpSQWUGO6HmhZA== Completed in 1ms
198 timing metavuln:calculate:security-advisory:@jimp/plugin-contain:2oJW9dt1LzfzWLy6W2nkBLW8k76vj3QP5LpFi0xF3IKNyIkZKRz0hxYT+6c21TsMIUH1iQgylpSQWUGO6HmhZA== Completed in 309ms
199 http fetch GET 200 https://registry.npmjs.org/@jimp%2fplugin-cover 307ms (cache hit)
200 timing metavuln:packument:@jimp/plugin-cover Completed in 312ms
201 timing metavuln:load:security-advisory:@jimp/plugin-cover:2oJW9dt1LzfzWLy6W2nkBLW8k76vj3QP5LpFi0xF3IKNyIkZKRz0hxYT+6c21TsMIUH1iQgylpSQWUGO6HmhZA== Completed in 2ms
202 timing metavuln:calculate:security-advisory:@jimp/plugin-cover:2oJW9dt1LzfzWLy6W2nkBLW8k76vj3QP5LpFi0xF3IKNyIkZKRz0hxYT+6c21TsMIUH1iQgylpSQWUGO6HmhZA== Completed in 315ms
203 http fetch GET 200 https://registry.npmjs.org/@jimp%2fplugin-crop 313ms (cache hit)
204 timing metavuln:packument:@jimp/plugin-crop Completed in 317ms
205 timing metavuln:load:security-advisory:@jimp/plugin-crop:2oJW9dt1LzfzWLy6W2nkBLW8k76vj3QP5LpFi0xF3IKNyIkZKRz0hxYT+6c21TsMIUH1iQgylpSQWUGO6HmhZA== Completed in 2ms
206 timing metavuln:calculate:security-advisory:@jimp/plugin-crop:2oJW9dt1LzfzWLy6W2nkBLW8k76vj3QP5LpFi0xF3IKNyIkZKRz0hxYT+6c21TsMIUH1iQgylpSQWUGO6HmhZA== Completed in 319ms
207 http fetch GET 200 https://registry.npmjs.org/@jimp%2fplugin-displace 319ms (cache hit)
208 timing metavuln:packument:@jimp/plugin-displace Completed in 322ms
209 timing metavuln:load:security-advisory:@jimp/plugin-displace:2oJW9dt1LzfzWLy6W2nkBLW8k76vj3QP5LpFi0xF3IKNyIkZKRz0hxYT+6c21TsMIUH1iQgylpSQWUGO6HmhZA== Completed in 2ms
210 timing metavuln:calculate:security-advisory:@jimp/plugin-displace:2oJW9dt1LzfzWLy6W2nkBLW8k76vj3QP5LpFi0xF3IKNyIkZKRz0hxYT+6c21TsMIUH1iQgylpSQWUGO6HmhZA== Completed in 326ms
211 http fetch GET 200 https://registry.npmjs.org/@jimp%2fplugin-dither 324ms (cache hit)
212 timing metavuln:packument:@jimp/plugin-dither Completed in 328ms
213 timing metavuln:load:security-advisory:@jimp/plugin-dither:2oJW9dt1LzfzWLy6W2nkBLW8k76vj3QP5LpFi0xF3IKNyIkZKRz0hxYT+6c21TsMIUH1iQgylpSQWUGO6HmhZA== Completed in 1ms
214 timing metavuln:calculate:security-advisory:@jimp/plugin-dither:2oJW9dt1LzfzWLy6W2nkBLW8k76vj3QP5LpFi0xF3IKNyIkZKRz0hxYT+6c21TsMIUH1iQgylpSQWUGO6HmhZA== Completed in 331ms
215 http fetch GET 200 https://registry.npmjs.org/@jimp%2fplugin-fisheye 330ms (cache hit)
216 timing metavuln:packument:@jimp/plugin-fisheye Completed in 335ms
217 timing metavuln:load:security-advisory:@jimp/plugin-fisheye:2oJW9dt1LzfzWLy6W2nkBLW8k76vj3QP5LpFi0xF3IKNyIkZKRz0hxYT+6c21TsMIUH1iQgylpSQWUGO6HmhZA== Completed in 2ms
218 timing metavuln:calculate:security-advisory:@jimp/plugin-fisheye:2oJW9dt1LzfzWLy6W2nkBLW8k76vj3QP5LpFi0xF3IKNyIkZKRz0hxYT+6c21TsMIUH1iQgylpSQWUGO6HmhZA== Completed in 337ms
219 http fetch GET 200 https://registry.npmjs.org/@jimp%2fplugin-flip 336ms (cache hit)
220 timing metavuln:packument:@jimp/plugin-flip Completed in 340ms
221 timing metavuln:load:security-advisory:@jimp/plugin-flip:2oJW9dt1LzfzWLy6W2nkBLW8k76vj3QP5LpFi0xF3IKNyIkZKRz0hxYT+6c21TsMIUH1iQgylpSQWUGO6HmhZA== Completed in 2ms
222 timing metavuln:calculate:security-advisory:@jimp/plugin-flip:2oJW9dt1LzfzWLy6W2nkBLW8k76vj3QP5LpFi0xF3IKNyIkZKRz0hxYT+6c21TsMIUH1iQgylpSQWUGO6HmhZA== Completed in 344ms
223 http fetch GET 200 https://registry.npmjs.org/@jimp%2fplugin-gaussian 342ms (cache hit)
224 timing metavuln:packument:@jimp/plugin-gaussian Completed in 346ms
225 timing metavuln:load:security-advisory:@jimp/plugin-gaussian:2oJW9dt1LzfzWLy6W2nkBLW8k76vj3QP5LpFi0xF3IKNyIkZKRz0hxYT+6c21TsMIUH1iQgylpSQWUGO6HmhZA== Completed in 26ms
226 timing metavuln:calculate:security-advisory:@jimp/plugin-gaussian:2oJW9dt1LzfzWLy6W2nkBLW8k76vj3QP5LpFi0xF3IKNyIkZKRz0hxYT+6c21TsMIUH1iQgylpSQWUGO6HmhZA== Completed in 373ms
227 http fetch GET 200 https://registry.npmjs.org/@jimp%2fplugin-invert 373ms (cache hit)
228 timing metavuln:packument:@jimp/plugin-invert Completed in 378ms
229 timing metavuln:load:security-advisory:@jimp/plugin-invert:2oJW9dt1LzfzWLy6W2nkBLW8k76vj3QP5LpFi0xF3IKNyIkZKRz0hxYT+6c21TsMIUH1iQgylpSQWUGO6HmhZA== Completed in 2ms
230 timing metavuln:calculate:security-advisory:@jimp/plugin-invert:2oJW9dt1LzfzWLy6W2nkBLW8k76vj3QP5LpFi0xF3IKNyIkZKRz0hxYT+6c21TsMIUH1iQgylpSQWUGO6HmhZA== Completed in 381ms
231 http fetch GET 200 https://registry.npmjs.org/@jimp%2fplugin-mask 380ms (cache hit)
232 timing metavuln:packument:@jimp/plugin-mask Completed in 403ms
233 timing metavuln:load:security-advisory:@jimp/plugin-mask:2oJW9dt1LzfzWLy6W2nkBLW8k76vj3QP5LpFi0xF3IKNyIkZKRz0hxYT+6c21TsMIUH1iQgylpSQWUGO6HmhZA== Completed in 1ms
234 timing metavuln:calculate:security-advisory:@jimp/plugin-mask:2oJW9dt1LzfzWLy6W2nkBLW8k76vj3QP5LpFi0xF3IKNyIkZKRz0hxYT+6c21TsMIUH1iQgylpSQWUGO6HmhZA== Completed in 406ms
235 http fetch GET 200 https://registry.npmjs.org/@jimp%2fplugin-normalize 405ms (cache hit)
236 timing metavuln:packument:@jimp/plugin-normalize Completed in 409ms
237 timing metavuln:load:security-advisory:@jimp/plugin-normalize:2oJW9dt1LzfzWLy6W2nkBLW8k76vj3QP5LpFi0xF3IKNyIkZKRz0hxYT+6c21TsMIUH1iQgylpSQWUGO6HmhZA== Completed in 1ms
238 timing metavuln:calculate:security-advisory:@jimp/plugin-normalize:2oJW9dt1LzfzWLy6W2nkBLW8k76vj3QP5LpFi0xF3IKNyIkZKRz0hxYT+6c21TsMIUH1iQgylpSQWUGO6HmhZA== Completed in 412ms
239 http fetch GET 200 https://registry.npmjs.org/@jimp%2fplugin-resize 410ms (cache hit)
240 timing metavuln:packument:@jimp/plugin-resize Completed in 414ms
241 timing metavuln:load:security-advisory:@jimp/plugin-resize:2oJW9dt1LzfzWLy6W2nkBLW8k76vj3QP5LpFi0xF3IKNyIkZKRz0hxYT+6c21TsMIUH1iQgylpSQWUGO6HmhZA== Completed in 3ms
242 timing metavuln:calculate:security-advisory:@jimp/plugin-resize:2oJW9dt1LzfzWLy6W2nkBLW8k76vj3QP5LpFi0xF3IKNyIkZKRz0hxYT+6c21TsMIUH1iQgylpSQWUGO6HmhZA== Completed in 418ms
243 http fetch GET 200 https://registry.npmjs.org/@jimp%2fplugin-rotate 417ms (cache hit)
244 timing metavuln:packument:@jimp/plugin-rotate Completed in 421ms
245 timing metavuln:load:security-advisory:@jimp/plugin-rotate:2oJW9dt1LzfzWLy6W2nkBLW8k76vj3QP5LpFi0xF3IKNyIkZKRz0hxYT+6c21TsMIUH1iQgylpSQWUGO6HmhZA== Completed in 1ms
246 timing metavuln:calculate:security-advisory:@jimp/plugin-rotate:2oJW9dt1LzfzWLy6W2nkBLW8k76vj3QP5LpFi0xF3IKNyIkZKRz0hxYT+6c21TsMIUH1iQgylpSQWUGO6HmhZA== Completed in 423ms
247 http fetch GET 200 https://registry.npmjs.org/@jimp%2fplugin-scale 422ms (cache hit)
248 timing metavuln:packument:@jimp/plugin-scale Completed in 426ms
249 timing metavuln:load:security-advisory:@jimp/plugin-scale:2oJW9dt1LzfzWLy6W2nkBLW8k76vj3QP5LpFi0xF3IKNyIkZKRz0hxYT+6c21TsMIUH1iQgylpSQWUGO6HmhZA== Completed in 2ms
250 timing metavuln:calculate:security-advisory:@jimp/plugin-scale:2oJW9dt1LzfzWLy6W2nkBLW8k76vj3QP5LpFi0xF3IKNyIkZKRz0hxYT+6c21TsMIUH1iQgylpSQWUGO6HmhZA== Completed in 428ms
251 http fetch GET 200 https://registry.npmjs.org/@jimp%2fplugin-shadow 427ms (cache hit)
252 timing metavuln:packument:@jimp/plugin-shadow Completed in 431ms
253 timing metavuln:load:security-advisory:@jimp/plugin-shadow:2oJW9dt1LzfzWLy6W2nkBLW8k76vj3QP5LpFi0xF3IKNyIkZKRz0hxYT+6c21TsMIUH1iQgylpSQWUGO6HmhZA== Completed in 1ms
254 timing metavuln:calculate:security-advisory:@jimp/plugin-shadow:2oJW9dt1LzfzWLy6W2nkBLW8k76vj3QP5LpFi0xF3IKNyIkZKRz0hxYT+6c21TsMIUH1iQgylpSQWUGO6HmhZA== Completed in 433ms
255 http fetch GET 200 https://registry.npmjs.org/@jimp%2fplugin-threshold 433ms (cache hit)
256 timing metavuln:packument:@jimp/plugin-threshold Completed in 436ms
257 timing metavuln:load:security-advisory:@jimp/plugin-threshold:2oJW9dt1LzfzWLy6W2nkBLW8k76vj3QP5LpFi0xF3IKNyIkZKRz0hxYT+6c21TsMIUH1iQgylpSQWUGO6HmhZA== Completed in 13ms
258 timing metavuln:calculate:security-advisory:@jimp/plugin-threshold:2oJW9dt1LzfzWLy6W2nkBLW8k76vj3QP5LpFi0xF3IKNyIkZKRz0hxYT+6c21TsMIUH1iQgylpSQWUGO6HmhZA== Completed in 451ms
259 http fetch GET 200 https://registry.npmjs.org/@jimp%2fpng 459ms (cache hit)
260 timing metavuln:packument:@jimp/png Completed in 464ms
261 timing metavuln:load:security-advisory:@jimp/png:2oJW9dt1LzfzWLy6W2nkBLW8k76vj3QP5LpFi0xF3IKNyIkZKRz0hxYT+6c21TsMIUH1iQgylpSQWUGO6HmhZA== Completed in 2ms
262 timing metavuln:calculate:security-advisory:@jimp/png:2oJW9dt1LzfzWLy6W2nkBLW8k76vj3QP5LpFi0xF3IKNyIkZKRz0hxYT+6c21TsMIUH1iQgylpSQWUGO6HmhZA== Completed in 466ms
263 http fetch GET 200 https://registry.npmjs.org/@jimp%2ftiff 465ms (cache hit)
264 timing metavuln:packument:@jimp/tiff Completed in 470ms
265 timing metavuln:load:security-advisory:@jimp/tiff:2oJW9dt1LzfzWLy6W2nkBLW8k76vj3QP5LpFi0xF3IKNyIkZKRz0hxYT+6c21TsMIUH1iQgylpSQWUGO6HmhZA== Completed in 1ms
266 timing metavuln:calculate:security-advisory:@jimp/tiff:2oJW9dt1LzfzWLy6W2nkBLW8k76vj3QP5LpFi0xF3IKNyIkZKRz0hxYT+6c21TsMIUH1iQgylpSQWUGO6HmhZA== Completed in 471ms
267 http fetch GET 200 https://registry.npmjs.org/@jimp%2ftypes 471ms (cache hit)
268 timing metavuln:packument:@jimp/types Completed in 475ms
269 timing metavuln:load:security-advisory:@jimp/types:2oJW9dt1LzfzWLy6W2nkBLW8k76vj3QP5LpFi0xF3IKNyIkZKRz0hxYT+6c21TsMIUH1iQgylpSQWUGO6HmhZA== Completed in 1ms
270 timing metavuln:calculate:security-advisory:@jimp/types:2oJW9dt1LzfzWLy6W2nkBLW8k76vj3QP5LpFi0xF3IKNyIkZKRz0hxYT+6c21TsMIUH1iQgylpSQWUGO6HmhZA== Completed in 477ms
271 http fetch GET 200 https://registry.npmjs.org/jimp 477ms (cache hit)
272 timing metavuln:packument:jimp Completed in 484ms
273 timing metavuln:load:security-advisory:jimp:2oJW9dt1LzfzWLy6W2nkBLW8k76vj3QP5LpFi0xF3IKNyIkZKRz0hxYT+6c21TsMIUH1iQgylpSQWUGO6HmhZA== Completed in 2ms
274 timing metavuln:calculate:security-advisory:jimp:2oJW9dt1LzfzWLy6W2nkBLW8k76vj3QP5LpFi0xF3IKNyIkZKRz0hxYT+6c21TsMIUH1iQgylpSQWUGO6HmhZA== Completed in 487ms
275 http fetch GET 200 https://registry.npmjs.org/@jimp%2fjpeg 517ms (cache hit)
276 timing metavuln:packument:@jimp/jpeg Completed in 545ms
277 timing metavuln:load:security-advisory:@jimp/jpeg:2oJW9dt1LzfzWLy6W2nkBLW8k76vj3QP5LpFi0xF3IKNyIkZKRz0hxYT+6c21TsMIUH1iQgylpSQWUGO6HmhZA== Completed in 1ms
278 timing metavuln:calculate:security-advisory:@jimp/jpeg:2oJW9dt1LzfzWLy6W2nkBLW8k76vj3QP5LpFi0xF3IKNyIkZKRz0hxYT+6c21TsMIUH1iQgylpSQWUGO6HmhZA== Completed in 547ms
279 http fetch GET 200 https://registry.npmjs.org/@jimp%2fplugin-blit 546ms (cache hit)
280 timing metavuln:packument:@jimp/plugin-blit Completed in 550ms
281 timing metavuln:load:security-advisory:@jimp/plugin-blit:2oJW9dt1LzfzWLy6W2nkBLW8k76vj3QP5LpFi0xF3IKNyIkZKRz0hxYT+6c21TsMIUH1iQgylpSQWUGO6HmhZA== Completed in 2ms
282 timing metavuln:calculate:security-advisory:@jimp/plugin-blit:2oJW9dt1LzfzWLy6W2nkBLW8k76vj3QP5LpFi0xF3IKNyIkZKRz0hxYT+6c21TsMIUH1iQgylpSQWUGO6HmhZA== Completed in 552ms
283 timing metavuln:cache:get:security-advisory:jimp:RtSFKBYhatAmlWqlWuTDn57xqWmPwDUy1dfJbtfZVYpNpmemu/ExUJk2WZEX1UVaQenqAk5g3zqEgsImahjTqQ== Completed in 72ms
284 timing metavuln:load:security-advisory:jimp:VzV08+lyJdIf+OECk7IanEChIMMYoJ93g0A+j4kkLrIOsgPTiFhwbqVKDApy0+VO7O5ntchezSQ1JAd1C1/qeA== Completed in 5ms
285 timing metavuln:calculate:security-advisory:jimp:VzV08+lyJdIf+OECk7IanEChIMMYoJ93g0A+j4kkLrIOsgPTiFhwbqVKDApy0+VO7O5ntchezSQ1JAd1C1/qeA== Completed in 77ms
286 timing metavuln:cache:get:security-advisory:@whiskeysockets/baileys:ADj/PGAOix8ahNgSJS1qjVOspb+VsMakFbdsTwmBLAsZaLyyJDOBMYCx7aFCkGhdNav2DktRdF9+NR8Unna1Iw== Completed in 41ms
287 http fetch GET 200 https://registry.npmjs.org/@whiskeysockets%2fbaileys 43ms (cache hit)
288 timing metavuln:packument:@whiskeysockets/baileys Completed in 45ms
289 timing metavuln:load:security-advisory:@whiskeysockets/baileys:P5sdTtuuzaYUCNScYxy4GTYoM0Y7h3Ov6W4kOkBjIW/5Q27oyoAhOZOYg9dPFj0dUdgUDok7GeC79FyB1yuMhg== Completed in 0ms
290 timing metavuln:calculate:security-advisory:@whiskeysockets/baileys:P5sdTtuuzaYUCNScYxy4GTYoM0Y7h3Ov6W4kOkBjIW/5Q27oyoAhOZOYg9dPFj0dUdgUDok7GeC79FyB1yuMhg== Completed in 46ms
291 timing auditReport:init Completed in 991ms
292 timing reify:audit Completed in 1984ms
293 timing reify Completed in 3829ms
294 silly ADD
295 silly ADD
296 silly ADD
297 silly ADD
298 silly ADD
299 silly ADD
300 silly ADD
301 timing command:install Completed in 3944ms
302 verbose exit 0
303 timing npm Completed in 5274ms
304 info ok
